<?xml version="1.0" encoding="UTF-8"?>
<!-- Generated by org.testng.reporters.JUnitReportReporter -->
<testsuite skipped="0" hostname="MyLaptops" name="TestNG.GetTitle_GRID" tests="1" failures="0" timestamp="06 Jun 2020 11:43:25 GMT" time="24.864" errors="0">
  <testcase name="getTitle" time="24.864" classname="TestNG.GetTitle_GRID"/>
</testsuite> <!-- TestNG.GetTitle_GRID -->
