<?xml version="1.0" encoding="UTF-8"?>
<!-- Generated by org.testng.reporters.JUnitReportReporter -->
<testsuite skipped="0" hostname="MyLaptops" name="TestNG.GetTitle_GRID" tests="1" failures="0" timestamp="17 Jun 2020 17:34:12 GMT" time="79.431" errors="0">
  <testcase name="getTitle" time="79.431" classname="TestNG.GetTitle_GRID"/>
</testsuite> <!-- TestNG.GetTitle_GRID -->
