<?xml version="1.0" encoding="UTF-8"?>
<!-- Generated by org.testng.reporters.JUnitReportReporter -->
<testsuite skipped="0" hostname="MyLaptops" name="TestNG.HandleMultiWinndowTest_GRID" tests="1" failures="0" timestamp="17 Jun 2020 17:34:12 GMT" time="64.013" errors="0">
  <testcase name="handleMultiWindows" time="64.013" classname="TestNG.HandleMultiWinndowTest_GRID"/>
</testsuite> <!-- TestNG.HandleMultiWinndowTest_GRID -->
