<?xml version="1.0" encoding="UTF-8"?>
<!-- Generated by org.testng.reporters.JUnitReportReporter -->
<testsuite skipped="0" hostname="MyLaptops" name="TestNG.Actions" tests="1" failures="0" timestamp="07 Jun 2020 16:41:35 GMT" time="121.980" errors="0">
  <testcase name="mouseMove" time="121.980" classname="TestNG.Actions"/>
</testsuite> <!-- TestNG.Actions -->
