<?xml version="1.0" encoding="UTF-8"?>
<!-- Generated by org.testng.reporters.JUnitReportReporter -->
<testsuite skipped="0" hostname="MyLaptops" name="TestNG.Annotations" tests="2" failures="0" timestamp="23 Jun 2020 11:48:09 GMT" time="43.521" errors="0">
  <testcase name="Test1" time="25.879" classname="TestNG.Annotations"/>
  <testcase name="Test1" time="17.642" classname="TestNG.Annotations"/>
</testsuite> <!-- TestNG.Annotations -->
